<?xml version="1.0" encoding="UTF-8"?>
<testsuite xmlns:xsi="http://www.w3.org/2001/XMLSchema-instance" xsi:noNamespaceSchemaLocation="https://maven.apache.org/surefire/maven-surefire-plugin/xsd/surefire-test-report.xsd" name="com.kredaro.app.AppTest" time="0.077" tests="1" errors="0" skipped="0" failures="0">
  <properties>
    <property name="sun.desktop" value="gnome"/>
    <property name="awt.toolkit" value="sun.awt.X11.XToolkit"/>
    <property name="java.specification.version" value="11"/>
    <property name="sun.cpu.isalist" value=""/>
    <property name="sun.jnu.encoding" value="UTF-8"/>
    <property name="java.class.path" value="/home/codegeass/flink/flink-datapipeline/target/test-classes:/home/codegeass/flink/flink-datapipeline/target/classes:/home/codegeass/.m2/repository/junit/junit/4.11/junit-4.11.jar:/home/codegeass/.m2/repository/org/hamcrest/hamcrest-core/1.3/hamcrest-core-1.3.jar:/home/codegeass/.m2/repository/org/apache/flink/flink-connector-kafka-0.11_2.11/1.5.0/flink-connector-kafka-0.11_2.11-1.5.0.jar:/home/codegeass/.m2/repository/org/apache/flink/flink-connector-kafka-0.10_2.11/1.5.0/flink-connector-kafka-0.10_2.11-1.5.0.jar:/home/codegeass/.m2/repository/org/apache/flink/flink-connector-kafka-0.9_2.11/1.5.0/flink-connector-kafka-0.9_2.11-1.5.0.jar:/home/codegeass/.m2/repository/org/apache/flink/flink-connector-kafka-base_2.11/1.5.0/flink-connector-kafka-base_2.11-1.5.0.jar:/home/codegeass/.m2/repository/org/apache/kafka/kafka-clients/0.11.0.2/kafka-clients-0.11.0.2.jar:/home/codegeass/.m2/repository/net/jpountz/lz4/lz4/1.3.0/lz4-1.3.0.jar:/home/codegeass/.m2/repository/org/xerial/snappy/snappy-java/1.1.2.6/snappy-java-1.1.2.6.jar:/home/codegeass/.m2/repository/org/apache/flink/force-shading/1.5.0/force-shading-1.5.0.jar:/home/codegeass/.m2/repository/org/apache/flink/flink-streaming-java_2.11/1.5.0/flink-streaming-java_2.11-1.5.0.jar:/home/codegeass/.m2/repository/org/apache/flink/flink-core/1.5.0/flink-core-1.5.0.jar:/home/codegeass/.m2/repository/org/apache/flink/flink-annotations/1.5.0/flink-annotations-1.5.0.jar:/home/codegeass/.m2/repository/org/apache/flink/flink-metrics-core/1.5.0/flink-metrics-core-1.5.0.jar:/home/codegeass/.m2/repository/org/apache/flink/flink-shaded-asm/5.0.4-2.0/flink-shaded-asm-5.0.4-2.0.jar:/home/codegeass/.m2/repository/org/apache/commons/commons-lang3/3.3.2/commons-lang3-3.3.2.jar:/home/codegeass/.m2/repository/com/esotericsoftware/kryo/kryo/2.24.0/kryo-2.24.0.jar:/home/codegeass/.m2/repository/com/esotericsoftware/minlog/minlog/1.2/minlog-1.2.jar:/home/codegeass/.m2/repository/org/objenesis/objenesis/2.1/objenesis-2.1.jar:/home/codegeass/.m2/repository/org/apache/commons/commons-compress/1.4.1/commons-compress-1.4.1.jar:/home/codegeass/.m2/repository/org/tukaani/xz/1.0/xz-1.0.jar:/home/codegeass/.m2/repository/org/apache/flink/flink-runtime_2.11/1.5.0/flink-runtime_2.11-1.5.0.jar:/home/codegeass/.m2/repository/org/apache/flink/flink-java/1.5.0/flink-java-1.5.0.jar:/home/codegeass/.m2/repository/org/apache/flink/flink-queryable-state-client-java_2.11/1.5.0/flink-queryable-state-client-java_2.11-1.5.0.jar:/home/codegeass/.m2/repository/org/apache/flink/flink-hadoop-fs/1.5.0/flink-hadoop-fs-1.5.0.jar:/home/codegeass/.m2/repository/commons-io/commons-io/2.4/commons-io-2.4.jar:/home/codegeass/.m2/repository/org/apache/flink/flink-shaded-netty/4.0.27.Final-2.0/flink-shaded-netty-4.0.27.Final-2.0.jar:/home/codegeass/.m2/repository/org/apache/flink/flink-shaded-jackson/2.7.9-3.0/flink-shaded-jackson-2.7.9-3.0.jar:/home/codegeass/.m2/repository/commons-cli/commons-cli/1.3.1/commons-cli-1.3.1.jar:/home/codegeass/.m2/repository/org/scala-lang/scala-library/2.11.12/scala-library-2.11.12.jar:/home/codegeass/.m2/repository/com/typesafe/akka/akka-actor_2.11/2.4.20/akka-actor_2.11-2.4.20.jar:/home/codegeass/.m2/repository/com/typesafe/config/1.3.0/config-1.3.0.jar:/home/codegeass/.m2/repository/org/scala-lang/modules/scala-java8-compat_2.11/0.7.0/scala-java8-compat_2.11-0.7.0.jar:/home/codegeass/.m2/repository/com/typesafe/akka/akka-stream_2.11/2.4.20/akka-stream_2.11-2.4.20.jar:/home/codegeass/.m2/repository/org/reactivestreams/reactive-streams/1.0.0/reactive-streams-1.0.0.jar:/home/codegeass/.m2/repository/com/typesafe/ssl-config-core_2.11/0.2.1/ssl-config-core_2.11-0.2.1.jar:/home/codegeass/.m2/repository/org/scala-lang/modules/scala-parser-combinators_2.11/1.0.4/scala-parser-combinators_2.11-1.0.4.jar:/home/codegeass/.m2/repository/com/typesafe/akka/akka-protobuf_2.11/2.4.20/akka-protobuf_2.11-2.4.20.jar:/home/codegeass/.m2/repository/com/typesafe/akka/akka-slf4j_2.11/2.4.20/akka-slf4j_2.11-2.4.20.jar:/home/codegeass/.m2/repository/org/clapper/grizzled-slf4j_2.11/1.0.2/grizzled-slf4j_2.11-1.0.2.jar:/home/codegeass/.m2/repository/com/github/scopt/scopt_2.11/3.5.0/scopt_2.11-3.5.0.jar:/home/codegeass/.m2/repository/com/twitter/chill_2.11/0.7.4/chill_2.11-0.7.4.jar:/home/codegeass/.m2/repository/com/twitter/chill-java/0.7.4/chill-java-0.7.4.jar:/home/codegeass/.m2/repository/org/apache/flink/flink-clients_2.11/1.5.0/flink-clients_2.11-1.5.0.jar:/home/codegeass/.m2/repository/org/apache/flink/flink-optimizer_2.11/1.5.0/flink-optimizer_2.11-1.5.0.jar:/home/codegeass/.m2/repository/org/apache/flink/flink-shaded-guava/18.0-2.0/flink-shaded-guava-18.0-2.0.jar:/home/codegeass/.m2/repository/org/apache/commons/commons-math3/3.5/commons-math3-3.5.jar:/home/codegeass/.m2/repository/org/slf4j/slf4j-api/1.7.7/slf4j-api-1.7.7.jar:/home/codegeass/.m2/repository/com/google/code/findbugs/jsr305/1.3.9/jsr305-1.3.9.jar:/home/codegeass/.m2/repository/org/apache/flink/flink-test-utils_2.11/1.5.0/flink-test-utils_2.11-1.5.0.jar:/home/codegeass/.m2/repository/org/apache/flink/flink-test-utils-junit/1.5.0/flink-test-utils-junit-1.5.0.jar:/home/codegeass/.m2/repository/org/apache/curator/curator-test/2.12.0/curator-test-2.12.0.jar:/home/codegeass/.m2/repository/org/apache/zookeeper/zookeeper/3.4.8/zookeeper-3.4.8.jar:/home/codegeass/.m2/repository/log4j/log4j/1.2.16/log4j-1.2.16.jar:/home/codegeass/.m2/repository/jline/jline/0.9.94/jline-0.9.94.jar:/home/codegeass/.m2/repository/io/netty/netty/3.7.0.Final/netty-3.7.0.Final.jar:/home/codegeass/.m2/repository/com/google/guava/guava/16.0.1/guava-16.0.1.jar:/home/codegeass/.m2/repository/com/fasterxml/jackson/core/jackson-databind/2.8.5/jackson-databind-2.8.5.jar:/home/codegeass/.m2/repository/com/fasterxml/jackson/core/jackson-annotations/2.8.0/jackson-annotations-2.8.0.jar:/home/codegeass/.m2/repository/com/fasterxml/jackson/core/jackson-core/2.8.5/jackson-core-2.8.5.jar:/home/codegeass/.m2/repository/com/fasterxml/jackson/datatype/jackson-datatype-jsr310/2.8.5/jackson-datatype-jsr310-2.8.5.jar:/home/codegeass/.m2/repository/com/google/code/gson/gson/2.6.2/gson-2.6.2.jar:/home/codegeass/.m2/repository/com/googlecode/jmapper-framework/jmapper-core/1.6.0.1/jmapper-core-1.6.0.1.jar:/home/codegeass/.m2/repository/org/reflections/reflections/0.9.10/reflections-0.9.10.jar:/home/codegeass/.m2/repository/com/google/code/findbugs/annotations/2.0.1/annotations-2.0.1.jar:/home/codegeass/.m2/repository/com/googlecode/jmapper-framework/jmapper-api/1.2.1/jmapper-api-1.2.1.jar:/home/codegeass/.m2/repository/commons-collections/commons-collections/3.2.2/commons-collections-3.2.2.jar:/home/codegeass/.m2/repository/org/javassist/javassist/3.20.0-GA/javassist-3.20.0-GA.jar:/home/codegeass/.m2/repository/com/thoughtworks/xstream/xstream/1.4.9/xstream-1.4.9.jar:/home/codegeass/.m2/repository/xmlpull/xmlpull/1.1.3.1/xmlpull-1.1.3.1.jar:/home/codegeass/.m2/repository/xpp3/xpp3_min/1.1.4c/xpp3_min-1.1.4c.jar:/home/codegeass/.m2/repository/net/sf/kxml/kxml2/2.3.0/kxml2-2.3.0.jar:"/>
    <property name="java.vm.vendor" value="Oracle Corporation"/>
    <property name="sun.arch.data.model" value="64"/>
    <property name="java.vendor.url" value="http://java.oracle.com/"/>
    <property name="user.timezone" value=""/>
    <property name="java.vm.specification.version" value="11"/>
    <property name="os.name" value="Linux"/>
    <property name="sun.java.launcher" value="SUN_STANDARD"/>
    <property name="user.country" value="IN"/>
    <property name="sun.boot.library.path" value="/usr/lib/jvm/java-11-openjdk-amd64/lib"/>
    <property name="sun.java.command" value="/home/codegeass/flink/flink-datapipeline/target/surefire/surefirebooter7328813210439715397.jar /home/codegeass/flink/flink-datapipeline/target/surefire 2019-03-02T16-13-10_251-jvmRun1 surefire1208011562390256561tmp surefire_04380554985080822059tmp"/>
    <property name="jdk.debug" value="release"/>
    <property name="surefire.test.class.path" value="/home/codegeass/flink/flink-datapipeline/target/test-classes:/home/codegeass/flink/flink-datapipeline/target/classes:/home/codegeass/.m2/repository/junit/junit/4.11/junit-4.11.jar:/home/codegeass/.m2/repository/org/hamcrest/hamcrest-core/1.3/hamcrest-core-1.3.jar:/home/codegeass/.m2/repository/org/apache/flink/flink-connector-kafka-0.11_2.11/1.5.0/flink-connector-kafka-0.11_2.11-1.5.0.jar:/home/codegeass/.m2/repository/org/apache/flink/flink-connector-kafka-0.10_2.11/1.5.0/flink-connector-kafka-0.10_2.11-1.5.0.jar:/home/codegeass/.m2/repository/org/apache/flink/flink-connector-kafka-0.9_2.11/1.5.0/flink-connector-kafka-0.9_2.11-1.5.0.jar:/home/codegeass/.m2/repository/org/apache/flink/flink-connector-kafka-base_2.11/1.5.0/flink-connector-kafka-base_2.11-1.5.0.jar:/home/codegeass/.m2/repository/org/apache/kafka/kafka-clients/0.11.0.2/kafka-clients-0.11.0.2.jar:/home/codegeass/.m2/repository/net/jpountz/lz4/lz4/1.3.0/lz4-1.3.0.jar:/home/codegeass/.m2/repository/org/xerial/snappy/snappy-java/1.1.2.6/snappy-java-1.1.2.6.jar:/home/codegeass/.m2/repository/org/apache/flink/force-shading/1.5.0/force-shading-1.5.0.jar:/home/codegeass/.m2/repository/org/apache/flink/flink-streaming-java_2.11/1.5.0/flink-streaming-java_2.11-1.5.0.jar:/home/codegeass/.m2/repository/org/apache/flink/flink-core/1.5.0/flink-core-1.5.0.jar:/home/codegeass/.m2/repository/org/apache/flink/flink-annotations/1.5.0/flink-annotations-1.5.0.jar:/home/codegeass/.m2/repository/org/apache/flink/flink-metrics-core/1.5.0/flink-metrics-core-1.5.0.jar:/home/codegeass/.m2/repository/org/apache/flink/flink-shaded-asm/5.0.4-2.0/flink-shaded-asm-5.0.4-2.0.jar:/home/codegeass/.m2/repository/org/apache/commons/commons-lang3/3.3.2/commons-lang3-3.3.2.jar:/home/codegeass/.m2/repository/com/esotericsoftware/kryo/kryo/2.24.0/kryo-2.24.0.jar:/home/codegeass/.m2/repository/com/esotericsoftware/minlog/minlog/1.2/minlog-1.2.jar:/home/codegeass/.m2/repository/org/objenesis/objenesis/2.1/objenesis-2.1.jar:/home/codegeass/.m2/repository/org/apache/commons/commons-compress/1.4.1/commons-compress-1.4.1.jar:/home/codegeass/.m2/repository/org/tukaani/xz/1.0/xz-1.0.jar:/home/codegeass/.m2/repository/org/apache/flink/flink-runtime_2.11/1.5.0/flink-runtime_2.11-1.5.0.jar:/home/codegeass/.m2/repository/org/apache/flink/flink-java/1.5.0/flink-java-1.5.0.jar:/home/codegeass/.m2/repository/org/apache/flink/flink-queryable-state-client-java_2.11/1.5.0/flink-queryable-state-client-java_2.11-1.5.0.jar:/home/codegeass/.m2/repository/org/apache/flink/flink-hadoop-fs/1.5.0/flink-hadoop-fs-1.5.0.jar:/home/codegeass/.m2/repository/commons-io/commons-io/2.4/commons-io-2.4.jar:/home/codegeass/.m2/repository/org/apache/flink/flink-shaded-netty/4.0.27.Final-2.0/flink-shaded-netty-4.0.27.Final-2.0.jar:/home/codegeass/.m2/repository/org/apache/flink/flink-shaded-jackson/2.7.9-3.0/flink-shaded-jackson-2.7.9-3.0.jar:/home/codegeass/.m2/repository/commons-cli/commons-cli/1.3.1/commons-cli-1.3.1.jar:/home/codegeass/.m2/repository/org/scala-lang/scala-library/2.11.12/scala-library-2.11.12.jar:/home/codegeass/.m2/repository/com/typesafe/akka/akka-actor_2.11/2.4.20/akka-actor_2.11-2.4.20.jar:/home/codegeass/.m2/repository/com/typesafe/config/1.3.0/config-1.3.0.jar:/home/codegeass/.m2/repository/org/scala-lang/modules/scala-java8-compat_2.11/0.7.0/scala-java8-compat_2.11-0.7.0.jar:/home/codegeass/.m2/repository/com/typesafe/akka/akka-stream_2.11/2.4.20/akka-stream_2.11-2.4.20.jar:/home/codegeass/.m2/repository/org/reactivestreams/reactive-streams/1.0.0/reactive-streams-1.0.0.jar:/home/codegeass/.m2/repository/com/typesafe/ssl-config-core_2.11/0.2.1/ssl-config-core_2.11-0.2.1.jar:/home/codegeass/.m2/repository/org/scala-lang/modules/scala-parser-combinators_2.11/1.0.4/scala-parser-combinators_2.11-1.0.4.jar:/home/codegeass/.m2/repository/com/typesafe/akka/akka-protobuf_2.11/2.4.20/akka-protobuf_2.11-2.4.20.jar:/home/codegeass/.m2/repository/com/typesafe/akka/akka-slf4j_2.11/2.4.20/akka-slf4j_2.11-2.4.20.jar:/home/codegeass/.m2/repository/org/clapper/grizzled-slf4j_2.11/1.0.2/grizzled-slf4j_2.11-1.0.2.jar:/home/codegeass/.m2/repository/com/github/scopt/scopt_2.11/3.5.0/scopt_2.11-3.5.0.jar:/home/codegeass/.m2/repository/com/twitter/chill_2.11/0.7.4/chill_2.11-0.7.4.jar:/home/codegeass/.m2/repository/com/twitter/chill-java/0.7.4/chill-java-0.7.4.jar:/home/codegeass/.m2/repository/org/apache/flink/flink-clients_2.11/1.5.0/flink-clients_2.11-1.5.0.jar:/home/codegeass/.m2/repository/org/apache/flink/flink-optimizer_2.11/1.5.0/flink-optimizer_2.11-1.5.0.jar:/home/codegeass/.m2/repository/org/apache/flink/flink-shaded-guava/18.0-2.0/flink-shaded-guava-18.0-2.0.jar:/home/codegeass/.m2/repository/org/apache/commons/commons-math3/3.5/commons-math3-3.5.jar:/home/codegeass/.m2/repository/org/slf4j/slf4j-api/1.7.7/slf4j-api-1.7.7.jar:/home/codegeass/.m2/repository/com/google/code/findbugs/jsr305/1.3.9/jsr305-1.3.9.jar:/home/codegeass/.m2/repository/org/apache/flink/flink-test-utils_2.11/1.5.0/flink-test-utils_2.11-1.5.0.jar:/home/codegeass/.m2/repository/org/apache/flink/flink-test-utils-junit/1.5.0/flink-test-utils-junit-1.5.0.jar:/home/codegeass/.m2/repository/org/apache/curator/curator-test/2.12.0/curator-test-2.12.0.jar:/home/codegeass/.m2/repository/org/apache/zookeeper/zookeeper/3.4.8/zookeeper-3.4.8.jar:/home/codegeass/.m2/repository/log4j/log4j/1.2.16/log4j-1.2.16.jar:/home/codegeass/.m2/repository/jline/jline/0.9.94/jline-0.9.94.jar:/home/codegeass/.m2/repository/io/netty/netty/3.7.0.Final/netty-3.7.0.Final.jar:/home/codegeass/.m2/repository/com/google/guava/guava/16.0.1/guava-16.0.1.jar:/home/codegeass/.m2/repository/com/fasterxml/jackson/core/jackson-databind/2.8.5/jackson-databind-2.8.5.jar:/home/codegeass/.m2/repository/com/fasterxml/jackson/core/jackson-annotations/2.8.0/jackson-annotations-2.8.0.jar:/home/codegeass/.m2/repository/com/fasterxml/jackson/core/jackson-core/2.8.5/jackson-core-2.8.5.jar:/home/codegeass/.m2/repository/com/fasterxml/jackson/datatype/jackson-datatype-jsr310/2.8.5/jackson-datatype-jsr310-2.8.5.jar:/home/codegeass/.m2/repository/com/google/code/gson/gson/2.6.2/gson-2.6.2.jar:/home/codegeass/.m2/repository/com/googlecode/jmapper-framework/jmapper-core/1.6.0.1/jmapper-core-1.6.0.1.jar:/home/codegeass/.m2/repository/org/reflections/reflections/0.9.10/reflections-0.9.10.jar:/home/codegeass/.m2/repository/com/google/code/findbugs/annotations/2.0.1/annotations-2.0.1.jar:/home/codegeass/.m2/repository/com/googlecode/jmapper-framework/jmapper-api/1.2.1/jmapper-api-1.2.1.jar:/home/codegeass/.m2/repository/commons-collections/commons-collections/3.2.2/commons-collections-3.2.2.jar:/home/codegeass/.m2/repository/org/javassist/javassist/3.20.0-GA/javassist-3.20.0-GA.jar:/home/codegeass/.m2/repository/com/thoughtworks/xstream/xstream/1.4.9/xstream-1.4.9.jar:/home/codegeass/.m2/repository/xmlpull/xmlpull/1.1.3.1/xmlpull-1.1.3.1.jar:/home/codegeass/.m2/repository/xpp3/xpp3_min/1.1.4c/xpp3_min-1.1.4c.jar:/home/codegeass/.m2/repository/net/sf/kxml/kxml2/2.3.0/kxml2-2.3.0.jar:"/>
    <property name="sun.cpu.endian" value="little"/>
    <property name="user.home" value="/home/codegeass"/>
    <property name="user.language" value="en"/>
    <property name="java.specification.vendor" value="Oracle Corporation"/>
    <property name="java.version.date" value="2019-01-15"/>
    <property name="java.home" value="/usr/lib/jvm/java-11-openjdk-amd64"/>
    <property name="file.separator" value="/"/>
    <property name="basedir" value="/home/codegeass/flink/flink-datapipeline"/>
    <property name="java.vm.compressedOopsMode" value="32-bit"/>
    <property name="line.separator" value="&#10;"/>
    <property name="java.specification.name" value="Java Platform API Specification"/>
    <property name="java.vm.specification.vendor" value="Oracle Corporation"/>
    <property name="java.awt.graphicsenv" value="sun.awt.X11GraphicsEnvironment"/>
    <property name="surefire.real.class.path" value="/home/codegeass/flink/flink-datapipeline/target/surefire/surefirebooter7328813210439715397.jar"/>
    <property name="sun.management.compiler" value="HotSpot 64-Bit Tiered Compilers"/>
    <property name="java.runtime.version" value="11.0.2+9-Ubuntu-3ubuntu118.04.1"/>
    <property name="user.name" value="codegeass"/>
    <property name="path.separator" value=":"/>
    <property name="os.version" value="4.15.0-45-generic"/>
    <property name="java.runtime.name" value="OpenJDK Runtime Environment"/>
    <property name="file.encoding" value="UTF-8"/>
    <property name="java.vm.name" value="OpenJDK 64-Bit Server VM"/>
    <property name="localRepository" value="/home/codegeass/.m2/repository"/>
    <property name="java.vendor.url.bug" value="http://bugreport.java.com/bugreport/"/>
    <property name="java.io.tmpdir" value="/tmp"/>
    <property name="java.version" value="11.0.2"/>
    <property name="user.dir" value="/home/codegeass/flink/flink-datapipeline"/>
    <property name="os.arch" value="amd64"/>
    <property name="java.vm.specification.name" value="Java Virtual Machine Specification"/>
    <property name="java.awt.printerjob" value="sun.print.PSPrinterJob"/>
    <property name="sun.os.patch.level" value="unknown"/>
    <property name="java.library.path" value="/usr/java/packages/lib:/usr/lib/x86_64-linux-gnu/jni:/lib/x86_64-linux-gnu:/usr/lib/x86_64-linux-gnu:/usr/lib/jni:/lib:/usr/lib"/>
    <property name="java.vendor" value="Oracle Corporation"/>
    <property name="java.vm.info" value="mixed mode, sharing"/>
    <property name="java.vm.version" value="11.0.2+9-Ubuntu-3ubuntu118.04.1"/>
    <property name="sun.io.unicode.encoding" value="UnicodeLittle"/>
    <property name="java.class.version" value="55.0"/>
  </properties>
  <testcase name="shouldAnswerWithTrue" classname="com.kredaro.app.AppTest" time="0.003"/>
</testsuite>